<?xml version="1.0" encoding="UTF-8"?>
<!-- Generated by org.testng.reporters.JUnitXMLReporter -->
<testsuite ignored="0" hostname="LinhLe" failures="0" tests="4" name="Default test" time="5.071" errors="0" timestamp="19 thg 11 2023 13:32:06 GMT">
  <testcase classname="autoApiRestAssure.HTTPRequests" name="getUser" time="2.888"/>
  <testcase classname="autoApiRestAssure.HTTPRequests" name="creatUser" time="0.809"/>
  <testcase classname="autoApiRestAssure.HTTPRequests" name="updateUser" time="0.645"/>
  <testcase classname="autoApiRestAssure.HTTPRequests" name="deleteUser" time="0.621"/>
</testsuite> <!-- Default test -->
