<?xml version="1.0" encoding="UTF-8"?>
<!-- Generated by org.testng.reporters.JUnitXMLReporter -->
<testsuite ignored="0" hostname="LinhLe" failures="0" tests="4" name="Default test" time="11.455" errors="0" timestamp="17 thg 9 2023 07:40:01 GMT">
  <testcase classname="petStore.api.test.UserTests2" name="testPostUser" time="4.355"/>
  <testcase classname="petStore.api.test.UserTests2" name="testGetUserByName" time="1.918"/>
  <testcase classname="petStore.api.test.UserTests2" name="testUpdateUserByName" time="3.236"/>
  <testcase classname="petStore.api.test.UserTests2" name="testDeleteUserByName" time="1.381"/>
</testsuite> <!-- Default test -->
