<?xml version="1.0" encoding="UTF-8"?>
<!-- Generated by org.testng.reporters.JUnitXMLReporter -->
<testsuite ignored="0" hostname="LinhLe" failures="0" tests="3" name="Run on Firefox" time="11.601" errors="0" timestamp="24 thg 8 2023 15:04:11 GMT">
  <testcase classname="com.nopcommerce.user.Level_20_Faker_Data" name="User_01_Register" time="3.332"/>
  <testcase classname="com.nopcommerce.user.Level_20_Faker_Data" name="User_02_Login" time="1.756"/>
  <testcase classname="com.nopcommerce.user.Level_20_Faker_Data" name="User_03_My_Account" time="0.519"/>
</testsuite> <!-- Run on Firefox -->
