<?xml version="1.0" encoding="UTF-8"?>
<testng-results ignored="0" total="4" passed="4" failed="0" skipped="0">
  <reporter-output>
  </reporter-output>
  <suite started-at="2023-11-19T13:32:01Z" name="Default suite" finished-at="2023-11-19T13:32:06Z" duration-ms="5071">
    <groups>
    </groups>
    <test started-at="2023-11-19T13:32:01Z" name="Default test" finished-at="2023-11-19T13:32:06Z" duration-ms="5071">
      <class name="autoApiRestAssure.HTTPRequests">
        <test-method signature="getUser()[pri:1, instance:autoApiRestAssure.HTTPRequests@7c129ef6]" started-at="2023-11-19T13:32:01Z" name="getUser" finished-at="2023-11-19T13:32:04Z" duration-ms="2888" status="PASS">
          <reporter-output>
          </reporter-output>
        </test-method> <!-- getUser -->
        <test-method signature="creatUser()[pri:2, instance:autoApiRestAssure.HTTPRequests@7c129ef6]" started-at="2023-11-19T13:32:04Z" name="creatUser" finished-at="2023-11-19T13:32:05Z" duration-ms="809" status="PASS">
          <reporter-output>
          </reporter-output>
        </test-method> <!-- creatUser -->
        <test-method signature="updateUser()[pri:3, instance:autoApiRestAssure.HTTPRequests@7c129ef6]" started-at="2023-11-19T13:32:05Z" name="updateUser" finished-at="2023-11-19T13:32:06Z" depends-on-methods="autoApiRestAssure.HTTPRequests.creatUser" duration-ms="645" status="PASS">
          <reporter-output>
          </reporter-output>
        </test-method> <!-- updateUser -->
        <test-method signature="deleteUser()[pri:4, instance:autoApiRestAssure.HTTPRequests@7c129ef6]" started-at="2023-11-19T13:32:06Z" name="deleteUser" finished-at="2023-11-19T13:32:06Z" duration-ms="621" status="PASS">
          <reporter-output>
          </reporter-output>
        </test-method> <!-- deleteUser -->
      </class> <!-- autoApiRestAssure.HTTPRequests -->
    </test> <!-- Default test -->
  </suite> <!-- Default suite -->
</testng-results>
