<?xml version="1.0" encoding="UTF-8"?>
<!-- Generated by org.testng.reporters.JUnitXMLReporter -->
<testsuite ignored="0" hostname="LinhLe" failures="0" tests="4" name="PetTest" time="12.841" errors="0" timestamp="17 thg 9 2023 02:41:56 GMT">
  <testcase classname="petStore.api.test.UserTests" name="testPostUser" time="4.764"/>
  <testcase classname="petStore.api.test.UserTests" name="testGetUserByName" time="1.962"/>
  <testcase classname="petStore.api.test.UserTests" name="testUpdateUserByName" time="3.499"/>
  <testcase classname="petStore.api.test.UserTests" name="testDeleteUserByName" time="1.368"/>
</testsuite> <!-- PetTest -->
